2024-01-30T09:41:59.990+01:00  INFO 4648 --- [restartedMain] c.b.BikerConnectJavaApplication          : Starting BikerConnectJavaApplication using Java 20.0.2 with PID 4648 (C:\Users\Puesto9\Desktop\DWS Java\BikerConnectDWS\target\classes started by Puesto9 in C:\Users\Puesto9\Desktop\DWS Java\BikerConnectDWS)
2024-01-30T09:41:59.993+01:00  INFO 4648 --- [restartedMain] c.b.BikerConnectJavaApplication          : No active profile set, falling back to 1 default profile: "default"
2024-01-30T09:42:00.043+01:00  INFO 4648 --- [restartedMain] .e.DevToolsPropertyDefaultsPostProcessor : Devtools property defaults active! Set 'spring.devtools.add-properties' to 'false' to disable
2024-01-30T09:42:00.100+01:00  INFO 4648 --- [restartedMain] .e.DevToolsPropertyDefaultsPostProcessor : For additional web related logging consider setting the 'logging.level.web' property to 'DEBUG'
2024-01-30T09:42:00.757+01:00  INFO 4648 --- [restartedMain] .s.d.r.c.RepositoryConfigurationDelegate : Bootstrapping Spring Data JPA repositories in DEFAULT mode.
2024-01-30T09:42:00.822+01:00  INFO 4648 --- [restartedMain] .s.d.r.c.RepositoryConfigurationDelegate : Finished Spring Data repository scanning in 58 ms. Found 3 JPA repository interfaces.
2024-01-30T09:42:02.045+01:00  INFO 4648 --- [restartedMain] o.s.b.w.embedded.tomcat.TomcatWebServer  : Tomcat initialized with port 8080 (http)
2024-01-30T09:42:02.058+01:00  INFO 4648 --- [restartedMain] o.apache.catalina.core.StandardService   : Starting service [Tomcat]
2024-01-30T09:42:02.058+01:00  INFO 4648 --- [restartedMain] o.apache.catalina.core.StandardEngine    : Starting Servlet engine: [Apache Tomcat/10.1.17]
2024-01-30T09:42:02.110+01:00  INFO 4648 --- [restartedMain] o.a.c.c.C.[Tomcat].[localhost].[/]       : Initializing Spring embedded WebApplicationContext
2024-01-30T09:42:02.111+01:00  INFO 4648 --- [restartedMain] w.s.c.ServletWebServerApplicationContext : Root WebApplicationContext: initialization completed in 2011 ms
2024-01-30T09:42:02.335+01:00  INFO 4648 --- [restartedMain] o.hibernate.jpa.internal.util.LogHelper  : HHH000204: Processing PersistenceUnitInfo [name: default]
2024-01-30T09:42:02.390+01:00  INFO 4648 --- [restartedMain] org.hibernate.Version                    : HHH000412: Hibernate ORM core version 6.4.1.Final
2024-01-30T09:42:02.424+01:00  INFO 4648 --- [restartedMain] o.h.c.internal.RegionFactoryInitiator    : HHH000026: Second-level cache disabled
2024-01-30T09:42:02.658+01:00  INFO 4648 --- [restartedMain] o.s.o.j.p.SpringPersistenceUnitInfo      : No LoadTimeWeaver setup: ignoring JPA class transformer
2024-01-30T09:42:02.690+01:00  INFO 4648 --- [restartedMain] com.zaxxer.hikari.HikariDataSource       : HikariPool-1 - Starting...
2024-01-30T09:42:02.849+01:00  INFO 4648 --- [restartedMain] com.zaxxer.hikari.pool.HikariPool        : HikariPool-1 - Added connection org.postgresql.jdbc.PgConnection@240b0ef0
2024-01-30T09:42:02.851+01:00  INFO 4648 --- [restartedMain] com.zaxxer.hikari.HikariDataSource       : HikariPool-1 - Start completed.
2024-01-30T09:42:02.885+01:00  WARN 4648 --- [restartedMain] org.hibernate.orm.deprecation            : HHH90000025: PostgreSQLDialect does not need to be specified explicitly using 'hibernate.dialect' (remove the property setting and it will be selected by default)
2024-01-30T09:42:03.809+01:00  INFO 4648 --- [restartedMain] o.h.e.t.j.p.i.JtaPlatformInitiator       : HHH000489: No JTA platform available (set 'hibernate.transaction.jta.platform' to enable JTA platform integration)
2024-01-30T09:42:03.909+01:00  INFO 4648 --- [restartedMain] j.LocalContainerEntityManagerFactoryBean : Initialized JPA EntityManagerFactory for persistence unit 'default'
2024-01-30T09:42:04.546+01:00  INFO 4648 --- [restartedMain] com.bikerconnect.aspectos.LogAspecto     : Saliendo del método passwordEncoder() de la clase com.bikerconnect.configuracion.SeguridadConfig$$SpringCGLIB$$0
2024-01-30T09:42:04.641+01:00  INFO 4648 --- [restartedMain] o.s.d.j.r.query.QueryEnhancerFactory     : Hibernate is in classpath; If applicable, HQL parser will be used.
2024-01-30T09:42:05.039+01:00  INFO 4648 --- [restartedMain] com.bikerconnect.aspectos.LogAspecto     : Saliendo del método authenticationProvider() de la clase com.bikerconnect.configuracion.SeguridadConfig$$SpringCGLIB$$0
2024-01-30T09:42:05.093+01:00  INFO 4648 --- [restartedMain] com.bikerconnect.aspectos.LogAspecto     : Saliendo del método authenticationManager() de la clase com.bikerconnect.configuracion.SeguridadConfig$$SpringCGLIB$$0
2024-01-30T09:42:05.127+01:00  WARN 4648 --- [restartedMain] JpaBaseConfiguration$JpaWebConfiguration : spring.jpa.open-in-view is enabled by default. Therefore, database queries may be performed during view rendering. Explicitly configure spring.jpa.open-in-view to disable this warning
2024-01-30T09:42:05.250+01:00  INFO 4648 --- [restartedMain] com.bikerconnect.aspectos.LogAspecto     : Saliendo del método addFormatters() de la clase com.bikerconnect.configuracion.Configuracion$$SpringCGLIB$$0
2024-01-30T09:42:05.286+01:00  INFO 4648 --- [restartedMain] o.s.b.a.w.s.WelcomePageHandlerMapping    : Adding welcome page template: index
2024-01-30T09:42:05.685+01:00  INFO 4648 --- [restartedMain] o.s.s.web.DefaultSecurityFilterChain     : Will secure any request with [org.springframework.security.web.session.DisableEncodeUrlFilter@226b0a65, org.springframework.security.web.context.request.async.WebAsyncManagerIntegrationFilter@459afa72, org.springframework.security.web.context.SecurityContextHolderFilter@6acb4cc1, org.springframework.security.web.header.HeaderWriterFilter@7fa3ca1, org.springframework.web.filter.CorsFilter@17b01b2f, org.springframework.security.web.csrf.CsrfFilter@6f948e91, org.springframework.security.web.authentication.logout.LogoutFilter@32b7fbe7, org.springframework.security.web.authentication.UsernamePasswordAuthenticationFilter@4933697f, org.springframework.security.web.savedrequest.RequestCacheAwareFilter@c42636e, org.springframework.security.web.servletapi.SecurityContextHolderAwareRequestFilter@6f301cb3, org.springframework.security.web.authentication.AnonymousAuthenticationFilter@5cb621b0, org.springframework.security.web.access.ExceptionTranslationFilter@22123360, org.springframework.security.web.access.intercept.AuthorizationFilter@7a83b2a8]
2024-01-30T09:42:05.685+01:00  INFO 4648 --- [restartedMain] com.bikerconnect.aspectos.LogAspecto     : Saliendo del método filterChain() de la clase com.bikerconnect.configuracion.SeguridadConfig$$SpringCGLIB$$0
2024-01-30T09:42:06.337+01:00  INFO 4648 --- [restartedMain] o.s.b.d.a.OptionalLiveReloadServer       : LiveReload server is running on port 35729
2024-01-30T09:42:06.391+01:00  INFO 4648 --- [restartedMain] o.s.b.w.embedded.tomcat.TomcatWebServer  : Tomcat started on port 8080 (http) with context path ''
2024-01-30T09:42:06.406+01:00  INFO 4648 --- [restartedMain] c.b.BikerConnectJavaApplication          : Started BikerConnectJavaApplication in 6.965 seconds (process running for 7.622)
2024-01-30T09:42:06.486+01:00  INFO 4648 --- [restartedMain] com.bikerconnect.aspectos.LogAspecto     : Saliendo del método existsByNombreApellidos() de la clase jdk.proxy4.$Proxy125
2024-01-30T09:42:06.487+01:00  INFO 4648 --- [restartedMain] com.bikerconnect.aspectos.LogAspecto     : Saliendo del método onApplicationReady() de la clase com.bikerconnect.servicios.UsuarioServicioImpl
2024-01-30T09:42:06.486+01:00  INFO 4648 --- [scheduling-1] com.bikerconnect.aspectos.LogAspecto     : Saliendo del método findByEstadoAndFechaHoraEncuentroBefore() de la clase jdk.proxy4.$Proxy133
2024-01-30T09:42:06.487+01:00  INFO 4648 --- [scheduling-1] com.bikerconnect.aspectos.LogAspecto     : Saliendo del método verificarQuedadasCompletadas() de la clase com.bikerconnect.servicios.QuedadaServicioImpl
2024-01-30T09:42:06.487+01:00  INFO 4648 --- [scheduling-1] com.bikerconnect.aspectos.LogAspecto     : Saliendo del método verificarQuedadasCompletadas() de la clase com.bikerconnect.servicios.QuedadaScheduler
2024-01-30T09:42:12.883+01:00  INFO 4648 --- [http-nio-8080-exec-1] o.a.c.c.C.[Tomcat].[localhost].[/]       : Initializing Spring DispatcherServlet 'dispatcherServlet'
2024-01-30T09:42:12.884+01:00  INFO 4648 --- [http-nio-8080-exec-1] o.s.web.servlet.DispatcherServlet        : Initializing Servlet 'dispatcherServlet'
2024-01-30T09:42:12.885+01:00  INFO 4648 --- [http-nio-8080-exec-1] o.s.web.servlet.DispatcherServlet        : Completed initialization in 1 ms
2024-01-30T09:42:12.939+01:00  INFO 4648 --- [http-nio-8080-exec-1] com.bikerconnect.aspectos.LogAspecto     : Saliendo del método bienvenida() de la clase com.bikerconnect.controladores.BienvenidaControlador
2024-01-30T09:42:14.862+01:00  INFO 4648 --- [http-nio-8080-exec-9] com.bikerconnect.aspectos.LogAspecto     : Saliendo del método login() de la clase com.bikerconnect.controladores.LoginControlador
2024-01-30T09:42:18.857+01:00  INFO 4648 --- [http-nio-8080-exec-5] com.bikerconnect.aspectos.LogAspecto     : Saliendo del método findFirstByEmail() de la clase jdk.proxy4.$Proxy125
2024-01-30T09:42:18.859+01:00  INFO 4648 --- [http-nio-8080-exec-5] com.bikerconnect.aspectos.LogAspecto     : Saliendo del método loadUserByUsername() de la clase com.bikerconnect.configuracion.UserDetailsServiceImpl
2024-01-30T09:42:18.960+01:00  INFO 4648 --- [http-nio-8080-exec-6] com.bikerconnect.aspectos.LogAspecto     : Saliendo del método findFirstByEmail() de la clase jdk.proxy4.$Proxy125
2024-01-30T09:42:18.960+01:00  INFO 4648 --- [http-nio-8080-exec-6] com.bikerconnect.aspectos.LogAspecto     : Saliendo del método estaLaCuentaConfirmada() de la clase com.bikerconnect.servicios.UsuarioServicioImpl
2024-01-30T09:42:18.971+01:00  INFO 4648 --- [http-nio-8080-exec-6] com.bikerconnect.aspectos.LogAspecto     : Saliendo del método loginCorrecto() de la clase com.bikerconnect.controladores.LoginControlador
2024-01-30T09:43:00.817+01:00  INFO 4648 --- [http-nio-8080-exec-10] com.bikerconnect.aspectos.LogAspecto     : Saliendo del método findAll() de la clase jdk.proxy4.$Proxy133
2024-01-30T09:43:00.818+01:00  INFO 4648 --- [http-nio-8080-exec-10] com.bikerconnect.aspectos.LogAspecto     : Saliendo del método listaQuedadToDto() de la clase com.bikerconnect.servicios.QuedadaToDtoImpl
2024-01-30T09:43:00.818+01:00  INFO 4648 --- [http-nio-8080-exec-10] com.bikerconnect.aspectos.LogAspecto     : Saliendo del método obtenerQuedadas() de la clase com.bikerconnect.servicios.QuedadaServicioImpl
2024-01-30T09:43:00.818+01:00  INFO 4648 --- [http-nio-8080-exec-10] com.bikerconnect.aspectos.LogAspecto     : Saliendo del método quedadas() de la clase com.bikerconnect.controladores.QuedadasControlador
2024-01-30T09:43:03.003+01:00  INFO 4648 --- [http-nio-8080-exec-7] com.bikerconnect.aspectos.LogAspecto     : Saliendo del método planificarQuedada() de la clase com.bikerconnect.controladores.QuedadasControlador
2024-01-30T09:43:06.409+01:00  INFO 4648 --- [scheduling-1] com.bikerconnect.aspectos.LogAspecto     : Saliendo del método findByEstadoAndFechaHoraEncuentroBefore() de la clase jdk.proxy4.$Proxy133
2024-01-30T09:43:06.410+01:00  INFO 4648 --- [scheduling-1] com.bikerconnect.aspectos.LogAspecto     : Saliendo del método verificarQuedadasCompletadas() de la clase com.bikerconnect.servicios.QuedadaServicioImpl
2024-01-30T09:43:06.410+01:00  INFO 4648 --- [scheduling-1] com.bikerconnect.aspectos.LogAspecto     : Saliendo del método verificarQuedadasCompletadas() de la clase com.bikerconnect.servicios.QuedadaScheduler
2024-01-30T09:43:32.676+01:00  INFO 4648 --- [http-nio-8080-exec-4] com.bikerconnect.aspectos.LogAspecto     : Saliendo del método quedadaToDao() de la clase com.bikerconnect.servicios.QuedadaToDaoImpl
2024-01-30T09:43:32.705+01:00  INFO 4648 --- [http-nio-8080-exec-4] com.bikerconnect.aspectos.LogAspecto     : Saliendo del método save() de la clase jdk.proxy4.$Proxy133
2024-01-30T09:43:32.706+01:00  INFO 4648 --- [http-nio-8080-exec-4] com.bikerconnect.aspectos.LogAspecto     : Saliendo del método crearQuedada() de la clase com.bikerconnect.servicios.QuedadaServicioImpl
2024-01-30T09:43:32.708+01:00  INFO 4648 --- [http-nio-8080-exec-4] com.bikerconnect.aspectos.LogAspecto     : Saliendo del método findAll() de la clase jdk.proxy4.$Proxy133
2024-01-30T09:43:32.709+01:00  INFO 4648 --- [http-nio-8080-exec-4] com.bikerconnect.aspectos.LogAspecto     : Saliendo del método listaQuedadToDto() de la clase com.bikerconnect.servicios.QuedadaToDtoImpl
2024-01-30T09:43:32.709+01:00  INFO 4648 --- [http-nio-8080-exec-4] com.bikerconnect.aspectos.LogAspecto     : Saliendo del método obtenerQuedadas() de la clase com.bikerconnect.servicios.QuedadaServicioImpl
2024-01-30T09:43:32.709+01:00  INFO 4648 --- [http-nio-8080-exec-4] com.bikerconnect.aspectos.LogAspecto     : Saliendo del método registrarQuedada() de la clase com.bikerconnect.controladores.QuedadasControlador
2024-01-30T09:43:35.620+01:00  INFO 4648 --- [http-nio-8080-exec-1] com.bikerconnect.aspectos.LogAspecto     : Saliendo del método findById() de la clase jdk.proxy4.$Proxy133
2024-01-30T09:43:35.620+01:00  INFO 4648 --- [http-nio-8080-exec-1] com.bikerconnect.aspectos.LogAspecto     : Saliendo del método quedadaToDto() de la clase com.bikerconnect.servicios.QuedadaToDtoImpl
2024-01-30T09:43:35.621+01:00  INFO 4648 --- [http-nio-8080-exec-1] com.bikerconnect.aspectos.LogAspecto     : Saliendo del método obtenerQuedadaPorId() de la clase com.bikerconnect.servicios.QuedadaServicioImpl
2024-01-30T09:43:35.622+01:00  INFO 4648 --- [http-nio-8080-exec-1] com.bikerconnect.aspectos.LogAspecto     : Saliendo del método findById() de la clase jdk.proxy4.$Proxy133
2024-01-30T09:43:35.628+01:00  INFO 4648 --- [http-nio-8080-exec-1] com.bikerconnect.aspectos.LogAspecto     : Saliendo del método listaUsuarioToDto() de la clase com.bikerconnect.servicios.UsuarioToDtoImpl
2024-01-30T09:43:35.628+01:00  INFO 4648 --- [http-nio-8080-exec-1] com.bikerconnect.aspectos.LogAspecto     : Saliendo del método verDetallesQuedada() de la clase com.bikerconnect.controladores.QuedadasControlador
2024-01-30T09:44:06.406+01:00  INFO 4648 --- [scheduling-1] com.bikerconnect.aspectos.LogAspecto     : Saliendo del método findByEstadoAndFechaHoraEncuentroBefore() de la clase jdk.proxy4.$Proxy133
2024-01-30T09:44:06.406+01:00  INFO 4648 --- [scheduling-1] com.bikerconnect.aspectos.LogAspecto     : Saliendo del método verificarQuedadasCompletadas() de la clase com.bikerconnect.servicios.QuedadaServicioImpl
2024-01-30T09:44:06.407+01:00  INFO 4648 --- [scheduling-1] com.bikerconnect.aspectos.LogAspecto     : Saliendo del método verificarQuedadasCompletadas() de la clase com.bikerconnect.servicios.QuedadaScheduler
2024-01-30T09:44:09.278+01:00  INFO 4648 --- [http-nio-8080-exec-8] com.bikerconnect.aspectos.LogAspecto     : Saliendo del método findAll() de la clase jdk.proxy4.$Proxy133
2024-01-30T09:44:09.278+01:00  INFO 4648 --- [http-nio-8080-exec-8] com.bikerconnect.aspectos.LogAspecto     : Saliendo del método listaQuedadToDto() de la clase com.bikerconnect.servicios.QuedadaToDtoImpl
2024-01-30T09:44:09.278+01:00  INFO 4648 --- [http-nio-8080-exec-8] com.bikerconnect.aspectos.LogAspecto     : Saliendo del método obtenerQuedadas() de la clase com.bikerconnect.servicios.QuedadaServicioImpl
2024-01-30T09:44:09.278+01:00  INFO 4648 --- [http-nio-8080-exec-8] com.bikerconnect.aspectos.LogAspecto     : Saliendo del método quedadas() de la clase com.bikerconnect.controladores.QuedadasControlador
2024-01-30T09:44:10.814+01:00  INFO 4648 --- [http-nio-8080-exec-3] com.bikerconnect.aspectos.LogAspecto     : Saliendo del método findFirstByEmail() de la clase jdk.proxy4.$Proxy125
2024-01-30T09:44:10.814+01:00  INFO 4648 --- [http-nio-8080-exec-3] com.bikerconnect.aspectos.LogAspecto     : Saliendo del método estaLaCuentaConfirmada() de la clase com.bikerconnect.servicios.UsuarioServicioImpl
2024-01-30T09:44:10.815+01:00  INFO 4648 --- [http-nio-8080-exec-3] com.bikerconnect.aspectos.LogAspecto     : Saliendo del método loginCorrecto() de la clase com.bikerconnect.controladores.LoginControlador
2024-01-30T09:44:12.936+01:00  INFO 4648 --- [http-nio-8080-exec-9] com.bikerconnect.aspectos.LogAspecto     : Saliendo del método bienvenida() de la clase com.bikerconnect.controladores.BienvenidaControlador
2024-01-30T09:44:15.931+01:00  INFO 4648 --- [http-nio-8080-exec-6] com.bikerconnect.aspectos.LogAspecto     : Saliendo del método login() de la clase com.bikerconnect.controladores.LoginControlador
2024-01-30T09:44:24.238+01:00  INFO 4648 --- [http-nio-8080-exec-2] com.bikerconnect.aspectos.LogAspecto     : Saliendo del método findFirstByEmail() de la clase jdk.proxy4.$Proxy125
2024-01-30T09:44:24.238+01:00  INFO 4648 --- [http-nio-8080-exec-2] com.bikerconnect.aspectos.LogAspecto     : Saliendo del método loadUserByUsername() de la clase com.bikerconnect.configuracion.UserDetailsServiceImpl
2024-01-30T09:44:24.340+01:00  INFO 4648 --- [http-nio-8080-exec-5] com.bikerconnect.aspectos.LogAspecto     : Saliendo del método findFirstByEmail() de la clase jdk.proxy4.$Proxy125
2024-01-30T09:44:24.341+01:00  INFO 4648 --- [http-nio-8080-exec-5] com.bikerconnect.aspectos.LogAspecto     : Saliendo del método estaLaCuentaConfirmada() de la clase com.bikerconnect.servicios.UsuarioServicioImpl
2024-01-30T09:44:24.341+01:00  INFO 4648 --- [http-nio-8080-exec-5] com.bikerconnect.aspectos.LogAspecto     : Saliendo del método loginCorrecto() de la clase com.bikerconnect.controladores.LoginControlador
2024-01-30T09:44:27.117+01:00  INFO 4648 --- [http-nio-8080-exec-10] com.bikerconnect.aspectos.LogAspecto     : Saliendo del método findAll() de la clase jdk.proxy4.$Proxy133
2024-01-30T09:44:27.118+01:00  INFO 4648 --- [http-nio-8080-exec-10] com.bikerconnect.aspectos.LogAspecto     : Saliendo del método listaQuedadToDto() de la clase com.bikerconnect.servicios.QuedadaToDtoImpl
2024-01-30T09:44:27.118+01:00  INFO 4648 --- [http-nio-8080-exec-10] com.bikerconnect.aspectos.LogAspecto     : Saliendo del método obtenerQuedadas() de la clase com.bikerconnect.servicios.QuedadaServicioImpl
2024-01-30T09:44:27.118+01:00  INFO 4648 --- [http-nio-8080-exec-10] com.bikerconnect.aspectos.LogAspecto     : Saliendo del método quedadas() de la clase com.bikerconnect.controladores.QuedadasControlador
2024-01-30T09:44:30.372+01:00  INFO 4648 --- [http-nio-8080-exec-8] com.bikerconnect.aspectos.LogAspecto     : Saliendo del método findById() de la clase jdk.proxy4.$Proxy133
2024-01-30T09:44:30.373+01:00  INFO 4648 --- [http-nio-8080-exec-8] com.bikerconnect.aspectos.LogAspecto     : Saliendo del método quedadaToDto() de la clase com.bikerconnect.servicios.QuedadaToDtoImpl
2024-01-30T09:44:30.373+01:00  INFO 4648 --- [http-nio-8080-exec-8] com.bikerconnect.aspectos.LogAspecto     : Saliendo del método obtenerQuedadaPorId() de la clase com.bikerconnect.servicios.QuedadaServicioImpl
2024-01-30T09:44:30.373+01:00  INFO 4648 --- [http-nio-8080-exec-8] com.bikerconnect.aspectos.LogAspecto     : Saliendo del método findById() de la clase jdk.proxy4.$Proxy133
2024-01-30T09:44:30.375+01:00  INFO 4648 --- [http-nio-8080-exec-8] com.bikerconnect.aspectos.LogAspecto     : Saliendo del método listaUsuarioToDto() de la clase com.bikerconnect.servicios.UsuarioToDtoImpl
2024-01-30T09:44:30.375+01:00  INFO 4648 --- [http-nio-8080-exec-8] com.bikerconnect.aspectos.LogAspecto     : Saliendo del método verDetallesQuedada() de la clase com.bikerconnect.controladores.QuedadasControlador
2024-01-30T09:44:39.865+01:00  INFO 4648 --- [http-nio-8080-exec-1] com.bikerconnect.aspectos.LogAspecto     : Saliendo del método findById() de la clase jdk.proxy4.$Proxy133
2024-01-30T09:44:39.877+01:00  INFO 4648 --- [http-nio-8080-exec-1] com.bikerconnect.aspectos.LogAspecto     : Saliendo del método save() de la clase jdk.proxy4.$Proxy133
2024-01-30T09:44:39.877+01:00  INFO 4648 --- [http-nio-8080-exec-1] com.bikerconnect.aspectos.LogAspecto     : Saliendo del método cancelarQuedada() de la clase com.bikerconnect.servicios.QuedadaServicioImpl
2024-01-30T09:44:39.880+01:00  INFO 4648 --- [http-nio-8080-exec-1] com.bikerconnect.aspectos.LogAspecto     : Saliendo del método findAll() de la clase jdk.proxy4.$Proxy133
2024-01-30T09:44:39.880+01:00  INFO 4648 --- [http-nio-8080-exec-1] com.bikerconnect.aspectos.LogAspecto     : Saliendo del método listaQuedadToDto() de la clase com.bikerconnect.servicios.QuedadaToDtoImpl
2024-01-30T09:44:39.880+01:00  INFO 4648 --- [http-nio-8080-exec-1] com.bikerconnect.aspectos.LogAspecto     : Saliendo del método obtenerQuedadas() de la clase com.bikerconnect.servicios.QuedadaServicioImpl
2024-01-30T09:44:39.882+01:00  INFO 4648 --- [http-nio-8080-exec-1] com.bikerconnect.aspectos.LogAspecto     : Saliendo del método findAll() de la clase jdk.proxy4.$Proxy133
2024-01-30T09:44:39.883+01:00  INFO 4648 --- [http-nio-8080-exec-1] com.bikerconnect.aspectos.LogAspecto     : Saliendo del método listaQuedadToDto() de la clase com.bikerconnect.servicios.QuedadaToDtoImpl
2024-01-30T09:44:39.883+01:00  INFO 4648 --- [http-nio-8080-exec-1] com.bikerconnect.aspectos.LogAspecto     : Saliendo del método obtenerQuedadas() de la clase com.bikerconnect.servicios.QuedadaServicioImpl
2024-01-30T09:44:39.883+01:00  INFO 4648 --- [http-nio-8080-exec-1] com.bikerconnect.aspectos.LogAspecto     : Saliendo del método cancelarQuedada() de la clase com.bikerconnect.controladores.QuedadasControlador
2024-01-30T09:45:03.691+01:00  INFO 4648 --- [RMI TCP Connection(11)-127.0.0.1] inMXBeanRegistrar$SpringApplicationAdmin : Application shutdown requested.
2024-01-30T09:45:03.703+01:00  INFO 4648 --- [RMI TCP Connection(11)-127.0.0.1] j.LocalContainerEntityManagerFactoryBean : Closing JPA EntityManagerFactory for persistence unit 'default'
2024-01-30T09:45:03.705+01:00  INFO 4648 --- [RMI TCP Connection(11)-127.0.0.1] com.zaxxer.hikari.HikariDataSource       : HikariPool-1 - Shutdown initiated...
2024-01-30T09:45:03.711+01:00  INFO 4648 --- [RMI TCP Connection(11)-127.0.0.1] com.zaxxer.hikari.HikariDataSource       : HikariPool-1 - Shutdown completed.
